Using pre-set license
Built from '2020.2/staging' branch; Version is '2020.2.7f1 (c53830e277f1) revision 12924976'; Using compiler version '192528614'; Build Type 'Release'
OS: 'Windows 10 Pro; OS build 19043.1415; Version 2009; 64bit' Language: 'ru' Physical Memory: 16321 MB
BatchMode: 1, IsHumanControllingUs: 0, StartBugReporterOnCrash: 0, Is64bit: 1, IsPro: 0

 COMMAND LINE ARGUMENTS:
C:\Program Files\Unity\Hub\Editor\2020.2.7f1\Editor\Unity.exe
-adb2
-batchMode
-noUpm
-name
AssetImportWorker0
-projectPath
C:/Users/denis/Documents/Unity Projects/_VrLabUrFU/FinalVR
-logFile
Logs/AssetImportWorker0.log
-srvPort
65122
Successfully changed project path to: C:/Users/denis/Documents/Unity Projects/_VrLabUrFU/FinalVR
C:/Users/denis/Documents/Unity Projects/_VrLabUrFU/FinalVR
Using Asset Import Pipeline V2.
Refreshing native plugins compatible for Editor in 48.12 ms, found 3 plugins.
Preloading 0 native plugins for Editor in 0.00 ms.
Initialize engine version: 2020.2.7f1 (c53830e277f1)
[Subsystems] Discovering subsystems at path C:/Program Files/Unity/Hub/Editor/2020.2.7f1/Editor/Data/Resources/UnitySubsystems
[Subsystems] Discovering subsystems at path C:/Users/denis/Documents/Unity Projects/_VrLabUrFU/FinalVR/Assets
GfxDevice: creating device client; threaded=0
Direct3D:
    Version:  Direct3D 11.0 [level 11.1]
    Renderer: NVIDIA GeForce GTX 960 (ID=0x1401)
    Vendor:   
    VRAM:     2007 MB
    Driver:   30.0.14.7212
Initialize mono
Mono path[0] = 'C:/Program Files/Unity/Hub/Editor/2020.2.7f1/Editor/Data/Managed'
Mono path[1] = 'C:/Program Files/Unity/Hub/Editor/2020.2.7f1/Editor/Data/MonoBleedingEdge/lib/mono/unityjit'
Mono config path = 'C:/Program Files/Unity/Hub/Editor/2020.2.7f1/Editor/Data/MonoBleedingEdge/etc'
Using monoOptions --debugger-agent=transport=dt_socket,embedding=1,server=y,suspend=n,address=127.0.0.1:56276
Begin MonoManager ReloadAssembly
Registering precompiled unity dll's ...
Register platform support module: C:/Program Files/Unity/Hub/Editor/2020.2.7f1/Editor/Data/PlaybackEngines/WebGLSupport/UnityEditor.WebGL.Extensions.dll
Register platform support module: C:/Program Files/Unity/Hub/Editor/2020.2.7f1/Editor/Data/PlaybackEngines/MacStandaloneSupport/UnityEditor.OSXStandalone.Extensions.dll
Register platform support module: C:/Program Files/Unity/Hub/Editor/2020.2.7f1/Editor/Data/PlaybackEngines/WindowsStandaloneSupport/UnityEditor.WindowsStandalone.Extensions.dll
Registered in 0.006204 seconds.
Native extension for WindowsStandalone target not found
Native extension for OSXStandalone target not found
Native extension for WebGL target not found
Refreshing native plugins compatible for Editor in 42.20 ms, found 3 plugins.
Preloading 0 native plugins for Editor in 0.00 ms.
Invoked RoslynAnalysisRunner static constructor.
RoslynAnalysisRunner will not be running.
RoslynAnalysisRunner has terminated.
Mono: successfully reloaded assembly
- Completed reload, in  1.971 seconds
Platform modules already initialized, skipping
Registering precompiled user dll's ...
Registered in 0.004964 seconds.
Begin MonoManager ReloadAssembly
Native extension for WindowsStandalone target not found
Native extension for OSXStandalone target not found
Native extension for WebGL target not found
Refreshing native plugins compatible for Editor in 0.54 ms, found 3 plugins.
Preloading 0 native plugins for Editor in 0.00 ms.
Invoked RoslynAnalysisRunner static constructor.
RoslynAnalysisRunner will not be running.
RoslynAnalysisRunner has terminated.
Mono: successfully reloaded assembly
- Completed reload, in  2.372 seconds
Platform modules already initialized, skipping
========================================================================
Worker process is ready to serve import requests
Launched and connected shader compiler UnityShaderCompiler.exe after 0.50 seconds
Refreshing native plugins compatible for Editor in 0.45 ms, found 3 plugins.
Preloading 0 native plugins for Editor in 0.00 ms.
Unloading 1425 Unused Serialized files (Serialized files now loaded: 0)
System memory in use before: 90.5 MB.
System memory in use after: 90.6 MB.

Unloading 13 unused Assets to reduce memory usage. Loaded Objects now: 1905.
Total: 2.905537 ms (FindLiveObjects: 0.341314 ms CreateObjectMapping: 0.133676 ms MarkObjects: 2.324807 ms  DeleteObjects: 0.097778 ms)

========================================================================
Received Import Request.
  path: Assets
  artifactKey: Guid(00000000000000001000000000000000) Importer(815301076,1909f56bfc062723c751e8b465ee728b)
Start importing Assets using Guid(00000000000000001000000000000000) Importer(815301076,1909f56bfc062723c751e8b465ee728b)  -> (artifact id: 'f89434ac489deb914593f829e0a47671') in 0.049063 seconds
  Import took 0.113834 seconds .

========================================================================
Received Import Request.
  Time since last request: 5.626891 seconds.
  path: Assets/Models
  artifactKey: Guid(613a908f2912f0743a4876948e2166ed) Importer(815301076,1909f56bfc062723c751e8b465ee728b)
Start importing Assets/Models using Guid(613a908f2912f0743a4876948e2166ed) Importer(815301076,1909f56bfc062723c751e8b465ee728b)  -> (artifact id: '7700444d8dd8ac0e795afcb650793308') in 0.009312 seconds
  Import took 0.125215 seconds .

========================================================================
Received Import Request.
  Time since last request: 41.188939 seconds.
  path: Assets/Models/Ch50_nonPBR.fbx
  artifactKey: Guid(b6ab0e0b6e68a184fb631abde816602e) Importer(815301076,1909f56bfc062723c751e8b465ee728b)
Start importing Assets/Models/Ch50_nonPBR.fbx using Guid(b6ab0e0b6e68a184fb631abde816602e) Importer(815301076,1909f56bfc062723c751e8b465ee728b)  -> (artifact id: '812b312fe21ec29ec20c8600b56e2e61') in 0.532647 seconds
  Import took 0.562835 seconds .

========================================================================
Received Import Request.
  Time since last request: 0.000231 seconds.
  path: Assets/Models/mutant.fbx
  artifactKey: Guid(54b43e7510cfffe4baa8e2c3a059c87c) Importer(815301076,1909f56bfc062723c751e8b465ee728b)
Start importing Assets/Models/mutant.fbx using Guid(54b43e7510cfffe4baa8e2c3a059c87c) Importer(815301076,1909f56bfc062723c751e8b465ee728b)  -> (artifact id: 'fb3581349b3ce4de6294d0196f7e2efc') in 0.196081 seconds
  Import took 0.215226 seconds .

========================================================================
Received Import Request.
  Time since last request: 62.176513 seconds.
  path: Assets/Models/mutant.fbx
  artifactKey: Guid(54b43e7510cfffe4baa8e2c3a059c87c) Importer(815301076,1909f56bfc062723c751e8b465ee728b)
Start importing Assets/Models/mutant.fbx using Guid(54b43e7510cfffe4baa8e2c3a059c87c) Importer(815301076,1909f56bfc062723c751e8b465ee728b)  -> (artifact id: 'b050a4999bc600233771cf604f8a3441') in 0.052097 seconds
  Import took 0.056798 seconds .

========================================================================
Received Import Request.
  Time since last request: 0.006515 seconds.
  path: Assets/Models/mutant.fbx
  artifactKey: Guid(54b43e7510cfffe4baa8e2c3a059c87c) Importer(815301076,1909f56bfc062723c751e8b465ee728b)
Start importing Assets/Models/mutant.fbx using Guid(54b43e7510cfffe4baa8e2c3a059c87c) Importer(815301076,1909f56bfc062723c751e8b465ee728b)  -> (artifact id: 'b050a4999bc600233771cf604f8a3441') in 0.038372 seconds
  Import took 0.041736 seconds .

========================================================================
Received Import Request.
  Time since last request: 82.416679 seconds.
  path: Assets/Models/Ch50_nonPBR.fbx
  artifactKey: Guid(b6ab0e0b6e68a184fb631abde816602e) Importer(815301076,1909f56bfc062723c751e8b465ee728b)
Start importing Assets/Models/Ch50_nonPBR.fbx using Guid(b6ab0e0b6e68a184fb631abde816602e) Importer(815301076,1909f56bfc062723c751e8b465ee728b)  -> (artifact id: 'f4caa04c1495a477bd17b2a1573da20b') in 0.078236 seconds
  Import took 0.084336 seconds .

AssetImportWorkerClient::OnTransportError - code=2 error=End of file
