Using pre-set license
Built from '2020.2/staging' branch; Version is '2020.2.7f1 (c53830e277f1) revision 12924976'; Using compiler version '192528614'; Build Type 'Release'
OS: 'Windows 10 Pro; OS build 19043.1415; Version 2009; 64bit' Language: 'ru' Physical Memory: 16321 MB
BatchMode: 1, IsHumanControllingUs: 0, StartBugReporterOnCrash: 0, Is64bit: 1, IsPro: 0

 COMMAND LINE ARGUMENTS:
C:\Program Files\Unity\Hub\Editor\2020.2.7f1\Editor\Unity.exe
-adb2
-batchMode
-noUpm
-name
AssetImportWorker0
-projectPath
C:/Users/denis/Documents/Unity Projects/_VrLabUrFU/FinalVR
-logFile
Logs/AssetImportWorker0.log
-srvPort
63326
Successfully changed project path to: C:/Users/denis/Documents/Unity Projects/_VrLabUrFU/FinalVR
C:/Users/denis/Documents/Unity Projects/_VrLabUrFU/FinalVR
Using Asset Import Pipeline V2.
Refreshing native plugins compatible for Editor in 46.31 ms, found 3 plugins.
Preloading 0 native plugins for Editor in 0.00 ms.
Initialize engine version: 2020.2.7f1 (c53830e277f1)
[Subsystems] Discovering subsystems at path C:/Program Files/Unity/Hub/Editor/2020.2.7f1/Editor/Data/Resources/UnitySubsystems
[Subsystems] Discovering subsystems at path C:/Users/denis/Documents/Unity Projects/_VrLabUrFU/FinalVR/Assets
GfxDevice: creating device client; threaded=0
Direct3D:
    Version:  Direct3D 11.0 [level 11.1]
    Renderer: NVIDIA GeForce GTX 960 (ID=0x1401)
    Vendor:   
    VRAM:     2007 MB
    Driver:   30.0.14.7212
Initialize mono
Mono path[0] = 'C:/Program Files/Unity/Hub/Editor/2020.2.7f1/Editor/Data/Managed'
Mono path[1] = 'C:/Program Files/Unity/Hub/Editor/2020.2.7f1/Editor/Data/MonoBleedingEdge/lib/mono/unityjit'
Mono config path = 'C:/Program Files/Unity/Hub/Editor/2020.2.7f1/Editor/Data/MonoBleedingEdge/etc'
Using monoOptions --debugger-agent=transport=dt_socket,embedding=1,server=y,suspend=n,address=127.0.0.1:56652
Begin MonoManager ReloadAssembly
Registering precompiled unity dll's ...
Register platform support module: C:/Program Files/Unity/Hub/Editor/2020.2.7f1/Editor/Data/PlaybackEngines/WebGLSupport/UnityEditor.WebGL.Extensions.dll
Register platform support module: C:/Program Files/Unity/Hub/Editor/2020.2.7f1/Editor/Data/PlaybackEngines/MacStandaloneSupport/UnityEditor.OSXStandalone.Extensions.dll
Register platform support module: C:/Program Files/Unity/Hub/Editor/2020.2.7f1/Editor/Data/PlaybackEngines/WindowsStandaloneSupport/UnityEditor.WindowsStandalone.Extensions.dll
Registered in 0.007403 seconds.
Native extension for WindowsStandalone target not found
Native extension for OSXStandalone target not found
Native extension for WebGL target not found
Refreshing native plugins compatible for Editor in 39.64 ms, found 3 plugins.
Preloading 0 native plugins for Editor in 0.00 ms.
Invoked RoslynAnalysisRunner static constructor.
RoslynAnalysisRunner will not be running.
RoslynAnalysisRunner has terminated.
Mono: successfully reloaded assembly
- Completed reload, in  1.821 seconds
Platform modules already initialized, skipping
Registering precompiled user dll's ...
Registered in 0.004686 seconds.
Begin MonoManager ReloadAssembly
Native extension for WindowsStandalone target not found
Native extension for OSXStandalone target not found
Native extension for WebGL target not found
Refreshing native plugins compatible for Editor in 0.45 ms, found 3 plugins.
Preloading 0 native plugins for Editor in 0.00 ms.
Invoked RoslynAnalysisRunner static constructor.
RoslynAnalysisRunner will not be running.
RoslynAnalysisRunner has terminated.
Mono: successfully reloaded assembly
- Completed reload, in  1.140 seconds
Platform modules already initialized, skipping
========================================================================
Worker process is ready to serve import requests
Launched and connected shader compiler UnityShaderCompiler.exe after 0.09 seconds
Refreshing native plugins compatible for Editor in 0.45 ms, found 3 plugins.
Preloading 0 native plugins for Editor in 0.00 ms.
Unloading 1425 Unused Serialized files (Serialized files now loaded: 0)
System memory in use before: 89.5 MB.
System memory in use after: 89.5 MB.

Unloading 13 unused Assets to reduce memory usage. Loaded Objects now: 1898.
Total: 2.720388 ms (FindLiveObjects: 0.231314 ms CreateObjectMapping: 0.132559 ms MarkObjects: 2.210057 ms  DeleteObjects: 0.130743 ms)

========================================================================
Received Import Request.
  path: Assets/RPG_FPS_game_assets_industrial/Assets_showcase_scene.unity
  artifactKey: Guid(a8f7c31154bcc5e409be7f1bb14f0b08) Importer(815301076,1909f56bfc062723c751e8b465ee728b)
Start importing Assets/RPG_FPS_game_assets_industrial/Assets_showcase_scene.unity using Guid(a8f7c31154bcc5e409be7f1bb14f0b08) Importer(815301076,1909f56bfc062723c751e8b465ee728b)  -> (artifact id: 'c4014bc2723aaec49b454cdc1da0bb48') in 0.235560 seconds
  Import took 0.274418 seconds .

========================================================================
Received Import Request.
  Time since last request: 26.160938 seconds.
  path: Assets/RPG_FPS_game_assets_industrial/Map_v1.unity
  artifactKey: Guid(5a463281e6e238742a45430f11e82829) Importer(815301076,1909f56bfc062723c751e8b465ee728b)
Start importing Assets/RPG_FPS_game_assets_industrial/Map_v1.unity using Guid(5a463281e6e238742a45430f11e82829) Importer(815301076,1909f56bfc062723c751e8b465ee728b)  -> (artifact id: '651c0d6cb6cb8bd49fd8ce90e5146db8') in 0.020732 seconds
  Import took 0.062275 seconds .

========================================================================
Received Import Request.
  Time since last request: 7.757113 seconds.
  path: Assets/RPG_FPS_game_assets_industrial/Map_v2.unity
  artifactKey: Guid(1d35c8ff8df44934ab0d5619746c0699) Importer(815301076,1909f56bfc062723c751e8b465ee728b)
Start importing Assets/RPG_FPS_game_assets_industrial/Map_v2.unity using Guid(1d35c8ff8df44934ab0d5619746c0699) Importer(815301076,1909f56bfc062723c751e8b465ee728b)  -> (artifact id: '822af4f2e29556c2dfcd453bc419405e') in 0.012583 seconds
  Import took 0.029776 seconds .

========================================================================
Received Prepare
Registering precompiled user dll's ...
Registered in 0.004435 seconds.
Begin MonoManager ReloadAssembly
Native extension for WindowsStandalone target not found
Native extension for OSXStandalone target not found
Native extension for WebGL target not found
Refreshing native plugins compatible for Editor in 0.46 ms, found 3 plugins.
Preloading 0 native plugins for Editor in 0.00 ms.
Invoked RoslynAnalysisRunner static constructor.
RoslynAnalysisRunner will not be running.
RoslynAnalysisRunner has terminated.
Mono: successfully reloaded assembly
- Completed reload, in  1.100 seconds
Platform modules already initialized, skipping
Refreshing native plugins compatible for Editor in 0.46 ms, found 3 plugins.
Preloading 0 native plugins for Editor in 0.00 ms.
Unloading 1400 Unused Serialized files (Serialized files now loaded: 0)
System memory in use before: 88.2 MB.
System memory in use after: 88.3 MB.

Unloading 8 unused Assets to reduce memory usage. Loaded Objects now: 1902.
Total: 2.174229 ms (FindLiveObjects: 0.166921 ms CreateObjectMapping: 0.084578 ms MarkObjects: 1.837105 ms  DeleteObjects: 0.080527 ms)

========================================================================
Received Import Request.
  Time since last request: 481.928311 seconds.
  path: Assets/Scenes/MainScene.unity
  artifactKey: Guid(9fc0d4010bbf28b4594072e72b8655ab) Importer(815301076,1909f56bfc062723c751e8b465ee728b)
Start importing Assets/Scenes/MainScene.unity using Guid(9fc0d4010bbf28b4594072e72b8655ab) Importer(815301076,1909f56bfc062723c751e8b465ee728b)  -> (artifact id: 'a15854a2e4d80a60c87b94e07d719bf5') in 0.026144 seconds
  Import took 0.042831 seconds .

AssetImportWorkerClient::OnTransportError - code=2 error=End of file
